<?xml version="1.0" encoding="UTF-8"?>
<!-- Generated by org.testng.reporters.JUnitXMLReporter -->
<testsuite ignored="0" hostname="DESKTOP-9UCUNCM" failures="1" tests="2" name="Error Validation Test" time="48.438" errors="0" timestamp="2022-11-17T13:40:26 PST">
  <testcase classname="com.ecommerce.testcases.ErrorValidationTest" name="errorProductValidation" time="3.693">
    <failure type="java.lang.AssertionError" message="expected [true] but found [false]">
      <![CDATA[java.lang.AssertionError: expected [true] but found [false]
at com.ecommerce.testcases.ErrorValidationTest.errorProductValidation(ErrorValidationTest.java:33)
at java.base/java.util.ArrayList.forEach(ArrayList.java:1540)
... Removed 31 stack frames]]>
    </failure>
  </testcase> <!-- errorProductValidation -->
  <testcase classname="com.ecommerce.testcases.ErrorValidationTest" name="submitWrongLogin" time="1.076"/>
</testsuite> <!-- Error Validation Test -->
